Checking whether the CUDA compiler is NVIDIA using "" did not match "nvcc: NVIDIA \(R\) Cuda compiler driver":
Checking whether the CUDA compiler is Clang using "" did not match "(clang version)":
Compiling the CUDA compiler identification source file "CMakeCUDACompilerId.cu" failed.
Compiler: CMAKE_CUDA_COMPILER-NOTFOUND 
Build flags: 
Id flags:  -v

The output was:
No such file or directory


Compiling the CUDA compiler identification source file "CMakeCUDACompilerId.cu" failed.
Compiler: CMAKE_CUDA_COMPILER-NOTFOUND 
Build flags: 
Id flags:  -v

The output was:
No such file or directory


Checking whether the CUDA compiler is NVIDIA using "" did not match "nvcc: NVIDIA \(R\) Cuda compiler driver":
Checking whether the CUDA compiler is Clang using "" did not match "(clang version)":
Compiling the CUDA compiler identification source file "CMakeCUDACompilerId.cu" failed.
Compiler: CMAKE_CUDA_COMPILER-NOTFOUND 
Build flags: 
Id flags:  -v

The output was:
No such file or directory


Compiling the CUDA compiler identification source file "CMakeCUDACompilerId.cu" failed.
Compiler: CMAKE_CUDA_COMPILER-NOTFOUND 
Build flags: 
Id flags:  -v

The output was:
No such file or directory


Checking whether the CUDA compiler is NVIDIA using "" did not match "nvcc: NVIDIA \(R\) Cuda compiler driver":
Checking whether the CUDA compiler is Clang using "" did not match "(clang version)":
Compiling the CUDA compiler identification source file "CMakeCUDACompilerId.cu" failed.
Compiler: CMAKE_CUDA_COMPILER-NOTFOUND 
Build flags: 
Id flags:  -v

The output was:
No such file or directory


Compiling the CUDA compiler identification source file "CMakeCUDACompilerId.cu" failed.
Compiler: CMAKE_CUDA_COMPILER-NOTFOUND 
Build flags: 
Id flags:  -v

The output was:
No such file or directory


Performing C++ SOURCE FILE Test CMAKE_HAVE_LIBC_PTHREAD failed with the following output:
Change Dir: /tmp/cmake-build-cuda-debug/CMakeFiles/CMakeTmp

Run Build Command(s):/usr/bin/make -f Makefile cmTC_4e418/fast && /usr/bin/make  -f CMakeFiles/cmTC_4e418.dir/build.make CMakeFiles/cmTC_4e418.dir/build
make[1]: Entering directory '/tmp/cmake-build-cuda-debug/CMakeFiles/CMakeTmp'
Building CXX object CMakeFiles/cmTC_4e418.dir/src.cxx.o
/usr/bin/g++ -DCMAKE_HAVE_LIBC_PTHREAD   -o CMakeFiles/cmTC_4e418.dir/src.cxx.o -c /tmp/cmake-build-cuda-debug/CMakeFiles/CMakeTmp/src.cxx
Linking CXX executable cmTC_4e418
/opt/cmake-3.21.0-linux-x86_64/bin/cmake -E cmake_link_script CMakeFiles/cmTC_4e418.dir/link.txt --verbose=1
/usr/bin/g++ CMakeFiles/cmTC_4e418.dir/src.cxx.o -o cmTC_4e418 
/usr/bin/ld: CMakeFiles/cmTC_4e418.dir/src.cxx.o: in function `main':
src.cxx:(.text+0x46): undefined reference to `pthread_create'
/usr/bin/ld: src.cxx:(.text+0x52): undefined reference to `pthread_detach'
/usr/bin/ld: src.cxx:(.text+0x5e): undefined reference to `pthread_cancel'
/usr/bin/ld: src.cxx:(.text+0x6f): undefined reference to `pthread_join'
collect2: error: ld returned 1 exit status
make[1]: *** [CMakeFiles/cmTC_4e418.dir/build.make:99: cmTC_4e418] Error 1
make[1]: Leaving directory '/tmp/cmake-build-cuda-debug/CMakeFiles/CMakeTmp'
make: *** [Makefile:127: cmTC_4e418/fast] Error 2


Source file was:
#include <pthread.h>

static void* test_func(void* data)
{
  return data;
}

int main(void)
{
  pthread_t thread;
  pthread_create(&thread, NULL, test_func, NULL);
  pthread_detach(thread);
  pthread_cancel(thread);
  pthread_join(thread, NULL);
  pthread_atfork(NULL, NULL, NULL);
  pthread_exit(NULL);

  return 0;
}

Determining if the function pthread_create exists in the pthreads failed with the following output:
Change Dir: /tmp/cmake-build-cuda-debug/CMakeFiles/CMakeTmp

Run Build Command(s):/usr/bin/make -f Makefile cmTC_0ae34/fast && /usr/bin/make  -f CMakeFiles/cmTC_0ae34.dir/build.make CMakeFiles/cmTC_0ae34.dir/build
make[1]: Entering directory '/tmp/cmake-build-cuda-debug/CMakeFiles/CMakeTmp'
Building CXX object CMakeFiles/cmTC_0ae34.dir/CheckFunctionExists.cxx.o
/usr/bin/g++   -DCHECK_FUNCTION_EXISTS=pthread_create -o CMakeFiles/cmTC_0ae34.dir/CheckFunctionExists.cxx.o -c /tmp/cmake-build-cuda-debug/CMakeFiles/CheckLibraryExists/CheckFunctionExists.cxx
Linking CXX executable cmTC_0ae34
/opt/cmake-3.21.0-linux-x86_64/bin/cmake -E cmake_link_script CMakeFiles/cmTC_0ae34.dir/link.txt --verbose=1
/usr/bin/g++  -DCHECK_FUNCTION_EXISTS=pthread_create CMakeFiles/cmTC_0ae34.dir/CheckFunctionExists.cxx.o -o cmTC_0ae34  -lpthreads 
/usr/bin/ld: cannot find -lpthreads
collect2: error: ld returned 1 exit status
make[1]: *** [CMakeFiles/cmTC_0ae34.dir/build.make:99: cmTC_0ae34] Error 1
make[1]: Leaving directory '/tmp/cmake-build-cuda-debug/CMakeFiles/CMakeTmp'
make: *** [Makefile:127: cmTC_0ae34/fast] Error 2



